# JRE version: OpenJDK Runtime Environment (11.0.15) (build 11.0.15+0-b2043.56-8887301)
# Java VM: OpenJDK 64-Bit Server VM (11.0.15+0-b2043.56-8887301, mixed mode, tiered, compressed oops, g1 gc, windows-amd64)
Heap:
 garbage-first heap   total 227328K, used 175104K [0x0000000080000000, 0x0000000100000000)
  region size 1024K, 77 young (78848K), 10 survivors (10240K)
 Metaspace       used 95646K, capacity 98629K, committed 98768K, reserved 1134592K
  class space    used 12495K, capacity 13639K, committed 13644K, reserved 1048576K
GC Heap History (20 events):
Event: 12.598 GC heap after
{Heap after GC invocations=16 (full 0):
 garbage-first heap   total 157696K, used 53076K [0x0000000080000000, 0x0000000100000000)
  region size 1024K, 5 young (5120K), 5 survivors (5120K)
 Metaspace       used 66394K, capacity 68081K, committed 68304K, reserved 1107968K
  class space    used 8380K, capacity 9003K, committed 9036K, reserved 1048576K
}
Event: 12.914 GC heap before
{Heap before GC invocations=16 (full 0):
 garbage-first heap   total 157696K, used 80724K [0x0000000080000000, 0x0000000100000000)
  region size 1024K, 33 young (33792K), 5 survivors (5120K)
 Metaspace       used 67681K, capacity 69429K, committed 69584K, reserved 1110016K
  class space    used 8531K, capacity 9197K, committed 9292K, reserved 1048576K
}
Event: 12.924 GC heap after
{Heap after GC invocations=17 (full 0):
 garbage-first heap   total 157696K, used 54525K [0x0000000080000000, 0x0000000100000000)
  region size 1024K, 6 young (6144K), 6 survivors (6144K)
 Metaspace       used 67681K, capacity 69429K, committed 69584K, reserved 1110016K
  class space    used 8531K, capacity 9197K, committed 9292K, reserved 1048576K
}
Event: 13.900 GC heap before
{Heap before GC invocations=18 (full 0):
 garbage-first heap   total 157696K, used 115965K [0x0000000080000000, 0x0000000100000000)
  region size 1024K, 66 young (67584K), 6 survivors (6144K)
 Metaspace       used 72818K, capacity 74598K, committed 74832K, reserved 1114112K
  class space    used 9410K, capacity 10098K, committed 10188K, reserved 1048576K
}
Event: 13.926 GC heap after
{Heap after GC invocations=19 (full 0):
 garbage-first heap   total 157696K, used 58459K [0x0000000080000000, 0x0000000100000000)
  region size 1024K, 6 young (6144K), 6 survivors (6144K)
 Metaspace       used 72818K, capacity 74598K, committed 74832K, reserved 1114112K
  class space    used 9410K, capacity 10098K, committed 10188K, reserved 1048576K
}
Event: 14.745 GC heap before
{Heap before GC invocations=20 (full 0):
 garbage-first heap   total 157696K, used 118875K [0x0000000080000000, 0x0000000100000000)
  region size 1024K, 65 young (66560K), 6 survivors (6144K)
 Metaspace       used 76511K, capacity 78466K, committed 78800K, reserved 1118208K
  class space    used 9967K, capacity 10711K, committed 10828K, reserved 1048576K
}
Event: 14.762 GC heap after
{Heap after GC invocations=21 (full 0):
 garbage-first heap   total 157696K, used 62671K [0x0000000080000000, 0x0000000100000000)
  region size 1024K, 8 young (8192K), 8 survivors (8192K)
 Metaspace       used 76511K, capacity 78466K, committed 78800K, reserved 1118208K
  class space    used 9967K, capacity 10711K, committed 10828K, reserved 1048576K
}
Event: 15.765 GC heap before
{Heap before GC invocations=21 (full 0):
 garbage-first heap   total 157696K, used 122063K [0x0000000080000000, 0x0000000100000000)
  region size 1024K, 66 young (67584K), 8 survivors (8192K)
 Metaspace       used 81363K, capacity 83368K, committed 83536K, reserved 1122304K
  class space    used 10610K, capacity 11367K, committed 11468K, reserved 1048576K
}
Event: 15.782 GC heap after
{Heap after GC invocations=22 (full 0):
 garbage-first heap   total 189440K, used 67644K [0x0000000080000000, 0x0000000100000000)
  region size 1024K, 9 young (9216K), 9 survivors (9216K)
 Metaspace       used 81363K, capacity 83368K, committed 83536K, reserved 1122304K
  class space    used 10610K, capacity 11367K, committed 11468K, reserved 1048576K
}
Event: 16.511 GC heap before
{Heap before GC invocations=22 (full 0):
 garbage-first heap   total 189440K, used 139324K [0x0000000080000000, 0x0000000100000000)
  region size 1024K, 80 young (81920K), 9 survivors (9216K)
 Metaspace       used 83681K, capacity 85785K, committed 85968K, reserved 1124352K
  class space    used 10804K, capacity 11586K, committed 11596K, reserved 1048576K
}
Event: 16.537 GC heap after
{Heap after GC invocations=23 (full 0):
 garbage-first heap   total 189440K, used 77591K [0x0000000080000000, 0x0000000100000000)
  region size 1024K, 10 young (10240K), 10 survivors (10240K)
 Metaspace       used 83681K, capacity 85785K, committed 85968K, reserved 1124352K
  class space    used 10804K, capacity 11586K, committed 11596K, reserved 1048576K
}
Event: 18.320 GC heap before
{Heap before GC invocations=23 (full 0):
 garbage-first heap   total 189440K, used 144151K [0x0000000080000000, 0x0000000100000000)
  region size 1024K, 76 young (77824K), 10 survivors (10240K)
 Metaspace       used 86259K, capacity 88613K, committed 88784K, reserved 1126400K
  class space    used 11182K, capacity 12089K, committed 12108K, reserved 1048576K
}
Event: 18.344 GC heap after
{Heap after GC invocations=24 (full 0):
 garbage-first heap   total 189440K, used 83576K [0x0000000080000000, 0x0000000100000000)
  region size 1024K, 5 young (5120K), 5 survivors (5120K)
 Metaspace       used 86259K, capacity 88613K, committed 88784K, reserved 1126400K
  class space    used 11182K, capacity 12089K, committed 12108K, reserved 1048576K
}
Event: 19.902 GC heap before
{Heap before GC invocations=24 (full 0):
 garbage-first heap   total 189440K, used 148088K [0x0000000080000000, 0x0000000100000000)
  region size 1024K, 69 young (70656K), 5 survivors (5120K)
 Metaspace       used 87637K, capacity 90216K, committed 90320K, reserved 1128448K
  class space    used 11346K, capacity 12262K, committed 12364K, reserved 1048576K
}
Event: 19.917 GC heap after
{Heap after GC invocations=25 (full 0):
 garbage-first heap   total 189440K, used 86713K [0x0000000080000000, 0x0000000100000000)
  region size 1024K, 8 young (8192K), 8 survivors (8192K)
 Metaspace       used 87637K, capacity 90216K, committed 90320K, reserved 1128448K
  class space    used 11346K, capacity 12262K, committed 12364K, reserved 1048576K
}
Event: 20.412 GC heap before
{Heap before GC invocations=25 (full 0):
 garbage-first heap   total 189440K, used 150201K [0x0000000080000000, 0x0000000100000000)
  region size 1024K, 71 young (72704K), 8 survivors (8192K)
 Metaspace       used 88946K, capacity 91578K, committed 91856K, reserved 1128448K
  class space    used 11529K, capacity 12499K, committed 12620K, reserved 1048576K
}
Event: 20.429 GC heap after
{Heap after GC invocations=26 (full 0):
 garbage-first heap   total 227328K, used 97687K [0x0000000080000000, 0x0000000100000000)
  region size 1024K, 9 young (9216K), 9 survivors (9216K)
 Metaspace       used 88946K, capacity 91578K, committed 91856K, reserved 1128448K
  class space    used 11529K, capacity 12499K, committed 12620K, reserved 1048576K
}
Event: 21.185 GC heap before
{Heap before GC invocations=26 (full 0):
 garbage-first heap   total 227328K, used 170391K [0x0000000080000000, 0x0000000100000000)
  region size 1024K, 80 young (81920K), 9 survivors (9216K)
 Metaspace       used 93006K, capacity 95826K, committed 95952K, reserved 1132544K
  class space    used 12088K, capacity 13114K, committed 13132K, reserved 1048576K
}
Event: 21.214 GC heap after
{Heap after GC invocations=27 (full 0):
 garbage-first heap   total 227328K, used 106496K [0x0000000080000000, 0x0000000100000000)
  region size 1024K, 10 young (10240K), 10 survivors (10240K)
 Metaspace       used 93006K, capacity 95826K, committed 95952K, reserved 1132544K
  class space    used 12088K, capacity 13114K, committed 13132K, reserved 1048576K
}
Event: 21.755 GC heap before
{Heap before GC invocations=27 (full 0):
 garbage-first heap   total 227328K, used 175104K [0x0000000080000000, 0x0000000100000000)
  region size 1024K, 77 young (78848K), 10 survivors (10240K)
 Metaspace       used 95646K, capacity 98629K, committed 98768K, reserved 1134592K
  class space    used 12495K, capacity 13639K, committed 13644K, reserved 1048576K
}

